<?xml version="1.0" encoding="UTF-8"?>
<testng-results ignored="0" total="1" passed="1" failed="0" skipped="0">
  <reporter-output>
  </reporter-output>
  <suite started-at="2022-02-01T16:13:25 IST" name="Default suite" finished-at="2022-02-01T16:13:28 IST" duration-ms="2947">
    <groups>
    </groups>
    <test started-at="2022-02-01T16:13:25 IST" name="Default test" finished-at="2022-02-01T16:13:28 IST" duration-ms="2947">
      <class name="TestDemo.TestLogin">
        <test-method is-config="true" signature="BeforeSetUp()[pri:0, instance:TestDemo.TestLogin@316bcf94]" started-at="2022-02-01T16:13:25 IST" name="BeforeSetUp" finished-at="2022-02-01T16:13:27 IST" duration-ms="2059" status="PASS">
          <reporter-output>
          </reporter-output>
        </test-method> <!-- BeforeSetUp -->
        <test-method signature="testLogin()[pri:0, instance:TestDemo.TestLogin@316bcf94]" started-at="2022-02-01T16:13:27 IST" name="testLogin" finished-at="2022-02-01T16:13:28 IST" duration-ms="667" status="PASS">
          <reporter-output>
          </reporter-output>
        </test-method> <!-- testLogin -->
        <test-method is-config="true" signature="AfterMethod()[pri:0, instance:TestDemo.TestLogin@316bcf94]" started-at="2022-02-01T16:13:28 IST" name="AfterMethod" finished-at="2022-02-01T16:13:28 IST" duration-ms="194" status="PASS">
          <reporter-output>
          </reporter-output>
        </test-method> <!-- AfterMethod -->
      </class> <!-- TestDemo.TestLogin -->
    </test> <!-- Default test -->
  </suite> <!-- Default suite -->
</testng-results>
