<?xml version="1.0" encoding="UTF-8"?>
<testng-results skipped="0" failed="0" ignored="0" total="2" passed="2">
  <reporter-output>
  </reporter-output>
  <suite name="Suite" duration-ms="138180" started-at="2022-02-02T12:59:48 IST" finished-at="2022-02-02T13:02:06 IST">
    <groups>
    </groups>
    <test name="Test" duration-ms="138180" started-at="2022-02-02T12:59:48 IST" finished-at="2022-02-02T13:02:06 IST">
      <class name="TestDemo.TestLogin">
        <test-method status="PASS" signature="BeforeSetUp()[pri:0, instance:TestDemo.TestLogin@396e2f39]" name="BeforeSetUp" is-config="true" duration-ms="2863" started-at="2022-02-02T12:59:52 IST" finished-at="2022-02-02T12:59:55 IST">
          <reporter-output>
          </reporter-output>
        </test-method> <!-- BeforeSetUp -->
        <test-method status="PASS" signature="testLogin()[pri:0, instance:TestDemo.TestLogin@396e2f39]" name="testLogin" duration-ms="2543" started-at="2022-02-02T12:59:55 IST" finished-at="2022-02-02T12:59:57 IST">
          <reporter-output>
          </reporter-output>
        </test-method> <!-- testLogin -->
        <test-method status="FAIL" signature="AfterMethod()[pri:0, instance:TestDemo.TestLogin@396e2f39]" name="AfterMethod" is-config="true" duration-ms="4113" started-at="2022-02-02T13:02:02 IST" finished-at="2022-02-02T13:02:06 IST">
          <exception class="org.openqa.selenium.WebDriverException">
            <message>
              <![CDATA[chrome not reachable
  (Session info: MicrosoftEdge=97.0.1072.76)
Build info: version: '4.1.1', revision: 'e8fcc2cecf'
System info: host: 'DESKTOP-LOTIA2H', ip: '192.168.201.111', os.name: 'Windows 10', os.arch: 'amd64', os.version: '10.0', java.version: '1.8.0-292'
Driver info: org.openqa.selenium.edge.EdgeDriver
Command: [55ff9d3621a4301b2e710b8de2784d46, close {}]
Capabilities {acceptInsecureCerts: false, browserName: msedge, browserVersion: 97.0.1072.76, javascriptEnabled: true, ms:edgeOptions: {debuggerAddress: localhost:53060}, msedge: {msedgedriverVersion: 97.0.1072.76 (67eb904139a24..., userDataDir: C:\Users\QSG\AppData\Local\...}, networkConnectionEnabled: false, pageLoadStrategy: normal, platform: WINDOWS, platformName: WINDOWS, proxy: Proxy(), se:cdp: ws://localhost:53060/devtoo..., se:cdpVersion: 97.0.1072.76, setWindowRect: true, strictFileInteractability: false, timeouts: {implicit: 0, pageLoad: 300000, script: 30000}, unhandledPromptBehavior: dismiss and notify, webauthn:extension:credBlob: true, webauthn:extension:largeBlob: true, webauthn:virtualAuthenticators: true}
Session ID: 55ff9d3621a4301b2e710b8de2784d46]]>
            </message>
            <full-stacktrace>
              <![CDATA[org.openqa.selenium.WebDriverException: chrome not reachable
  (Session info: MicrosoftEdge=97.0.1072.76)
Build info: version: '4.1.1', revision: 'e8fcc2cecf'
System info: host: 'DESKTOP-LOTIA2H', ip: '192.168.201.111', os.name: 'Windows 10', os.arch: 'amd64', os.version: '10.0', java.version: '1.8.0-292'
Driver info: org.openqa.selenium.edge.EdgeDriver
Command: [55ff9d3621a4301b2e710b8de2784d46, close {}]
Capabilities {acceptInsecureCerts: false, browserName: msedge, browserVersion: 97.0.1072.76, javascriptEnabled: true, ms:edgeOptions: {debuggerAddress: localhost:53060}, msedge: {msedgedriverVersion: 97.0.1072.76 (67eb904139a24..., userDataDir: C:\Users\QSG\AppData\Local\...}, networkConnectionEnabled: false, pageLoadStrategy: normal, platform: WINDOWS, platformName: WINDOWS, proxy: Proxy(), se:cdp: ws://localhost:53060/devtoo..., se:cdpVersion: 97.0.1072.76, setWindowRect: true, strictFileInteractability: false, timeouts: {implicit: 0, pageLoad: 300000, script: 30000}, unhandledPromptBehavior: dismiss and notify, webauthn:extension:credBlob: true, webauthn:extension:largeBlob: true, webauthn:virtualAuthenticators: true}
Session ID: 55ff9d3621a4301b2e710b8de2784d46
at sun.reflect.NativeConstructorAccessorImpl.newInstance0(Native Method)
at sun.reflect.NativeConstructorAccessorImpl.newInstance(NativeConstructorAccessorImpl.java:62)
at sun.reflect.DelegatingConstructorAccessorImpl.newInstance(DelegatingConstructorAccessorImpl.java:45)
at java.lang.reflect.Constructor.newInstance(Constructor.java:423)
at org.openqa.selenium.remote.codec.w3c.W3CHttpResponseCodec.createException(W3CHttpResponseCodec.java:200)
at org.openqa.selenium.remote.codec.w3c.W3CHttpResponseCodec.decode(W3CHttpResponseCodec.java:133)
at org.openqa.selenium.remote.codec.w3c.W3CHttpResponseCodec.decode(W3CHttpResponseCodec.java:53)
at org.openqa.selenium.remote.HttpCommandExecutor.execute(HttpCommandExecutor.java:184)
at org.openqa.selenium.remote.service.DriverCommandExecutor.invokeExecute(DriverCommandExecutor.java:167)
at org.openqa.selenium.remote.service.DriverCommandExecutor.execute(DriverCommandExecutor.java:142)
at org.openqa.selenium.remote.RemoteWebDriver.execute(RemoteWebDriver.java:543)
at org.openqa.selenium.remote.RemoteWebDriver.execute(RemoteWebDriver.java:598)
at org.openqa.selenium.remote.RemoteWebDriver.execute(RemoteWebDriver.java:602)
at org.openqa.selenium.remote.RemoteWebDriver.close(RemoteWebDriver.java:428)
at TestDemo.TestLogin.AfterMethod(TestLogin.java:30)
at sun.reflect.NativeMethodAccessorImpl.invoke0(Native Method)
at sun.reflect.NativeMethodAccessorImpl.invoke(NativeMethodAccessorImpl.java:62)
at sun.reflect.DelegatingMethodAccessorImpl.invoke(DelegatingMethodAccessorImpl.java:43)
at java.lang.reflect.Method.invoke(Method.java:498)
at org.testng.internal.MethodInvocationHelper.invokeMethod(MethodInvocationHelper.java:133)
at org.testng.internal.MethodInvocationHelper.invokeMethodConsideringTimeout(MethodInvocationHelper.java:62)
at org.testng.internal.ConfigInvoker.invokeConfigurationMethod(ConfigInvoker.java:385)
at org.testng.internal.ConfigInvoker.invokeConfigurations(ConfigInvoker.java:321)
at org.testng.TestRunner.invokeTestConfigurations(TestRunner.java:637)
at org.testng.TestRunner.afterRun(TestRunner.java:877)
at org.testng.TestRunner.run(TestRunner.java:599)
at org.testng.SuiteRunner.runTest(SuiteRunner.java:377)
at org.testng.SuiteRunner.runSequentially(SuiteRunner.java:371)
at org.testng.SuiteRunner.privateRun(SuiteRunner.java:332)
at org.testng.SuiteRunner.run(SuiteRunner.java:276)
at org.testng.SuiteRunnerWorker.runSuite(SuiteRunnerWorker.java:53)
at org.testng.SuiteRunnerWorker.run(SuiteRunnerWorker.java:96)
at org.testng.TestNG.runSuitesSequentially(TestNG.java:1212)
at org.testng.TestNG.runSuitesLocally(TestNG.java:1134)
at org.testng.TestNG.runSuites(TestNG.java:1063)
at org.testng.TestNG.run(TestNG.java:1031)
at org.testng.remote.AbstractRemoteTestNG.run(AbstractRemoteTestNG.java:115)
at org.testng.remote.RemoteTestNG.initAndRun(RemoteTestNG.java:251)
at org.testng.remote.RemoteTestNG.main(RemoteTestNG.java:77)
]]>
            </full-stacktrace>
          </exception> <!-- org.openqa.selenium.WebDriverException -->
          <reporter-output>
          </reporter-output>
        </test-method> <!-- AfterMethod -->
      </class> <!-- TestDemo.TestLogin -->
      <class name="TestDemo.TestGoogle">
        <test-method status="PASS" signature="BeforeSetUp()[pri:0, instance:TestDemo.TestGoogle@42607a4f]" name="BeforeSetUp" is-config="true" duration-ms="3427" started-at="2022-02-02T12:59:48 IST" finished-at="2022-02-02T12:59:52 IST">
          <reporter-output>
          </reporter-output>
        </test-method> <!-- BeforeSetUp -->
        <test-method status="PASS" signature="testGooglePage()[pri:0, instance:TestDemo.TestGoogle@42607a4f]" name="testGooglePage" duration-ms="120379" started-at="2022-02-02T12:59:57 IST" finished-at="2022-02-02T13:01:57 IST">
          <reporter-output>
          </reporter-output>
        </test-method> <!-- testGooglePage -->
        <test-method status="PASS" signature="AfterMethod()[pri:0, instance:TestDemo.TestGoogle@42607a4f]" name="AfterMethod" is-config="true" duration-ms="4795" started-at="2022-02-02T13:01:57 IST" finished-at="2022-02-02T13:02:02 IST">
          <reporter-output>
          </reporter-output>
        </test-method> <!-- AfterMethod -->
      </class> <!-- TestDemo.TestGoogle -->
    </test> <!-- Test -->
  </suite> <!-- Suite -->
</testng-results>
